<?xml version="1.0" encoding="UTF-8"?>
<testsuite xmlns:xsi="http://www.w3.org/2001/XMLSchema-instance" xsi:noNamespaceSchemaLocation="https://maven.apache.org/surefire/maven-surefire-plugin/xsd/surefire-test-report-3.0.xsd" version="3.0" name="com.springweb.example.ExampleApplicationTests" time="4.047" tests="1" errors="0" skipped="0" failures="0">
  <properties>
    <property name="java.specification.version" value="17"/>
    <property name="sun.cpu.isalist" value="amd64"/>
    <property name="sun.jnu.encoding" value="MS949"/>
    <property name="java.class.path" value="D:\workspace\web-example\example\target\test-classes;D:\workspace\web-example\example\target\classes;C:\Users\mongta_user\.m2\repository\org\springframework\boot\spring-boot-starter-web\3.1.2-SNAPSHOT\spring-boot-starter-web-3.1.2-SNAPSHOT.jar;C:\Users\mongta_user\.m2\repository\org\springframework\boot\spring-boot-starter\3.1.2-SNAPSHOT\spring-boot-starter-3.1.2-SNAPSHOT.jar;C:\Users\mongta_user\.m2\repository\org\springframework\boot\spring-boot\3.1.2-SNAPSHOT\spring-boot-3.1.2-SNAPSHOT.jar;C:\Users\mongta_user\.m2\repository\org\springframework\boot\spring-boot-autoconfigure\3.1.2-SNAPSHOT\spring-boot-autoconfigure-3.1.2-SNAPSHOT.jar;C:\Users\mongta_user\.m2\repository\org\springframework\boot\spring-boot-starter-logging\3.1.2-SNAPSHOT\spring-boot-starter-logging-3.1.2-SNAPSHOT.jar;C:\Users\mongta_user\.m2\repository\ch\qos\logback\logback-classic\1.4.8\logback-classic-1.4.8.jar;C:\Users\mongta_user\.m2\repository\ch\qos\logback\logback-core\1.4.8\logback-core-1.4.8.jar;C:\Users\mongta_user\.m2\repository\org\apache\logging\log4j\log4j-to-slf4j\2.20.0\log4j-to-slf4j-2.20.0.jar;C:\Users\mongta_user\.m2\repository\org\apache\logging\log4j\log4j-api\2.20.0\log4j-api-2.20.0.jar;C:\Users\mongta_user\.m2\repository\org\slf4j\jul-to-slf4j\2.0.7\jul-to-slf4j-2.0.7.jar;C:\Users\mongta_user\.m2\repository\jakarta\annotation\jakarta.annotation-api\2.1.1\jakarta.annotation-api-2.1.1.jar;C:\Users\mongta_user\.m2\repository\org\yaml\snakeyaml\1.33\snakeyaml-1.33.jar;C:\Users\mongta_user\.m2\repository\org\springframework\boot\spring-boot-starter-json\3.1.2-SNAPSHOT\spring-boot-starter-json-3.1.2-SNAPSHOT.jar;C:\Users\mongta_user\.m2\repository\com\fasterxml\jackson\core\jackson-databind\2.15.2\jackson-databind-2.15.2.jar;C:\Users\mongta_user\.m2\repository\com\fasterxml\jackson\core\jackson-annotations\2.15.2\jackson-annotations-2.15.2.jar;C:\Users\mongta_user\.m2\repository\com\fasterxml\jackson\core\jackson-core\2.15.2\jackson-core-2.15.2.jar;C:\Users\mongta_user\.m2\repository\com\fasterxml\jackson\datatype\jackson-datatype-jdk8\2.15.2\jackson-datatype-jdk8-2.15.2.jar;C:\Users\mongta_user\.m2\repository\com\fasterxml\jackson\datatype\jackson-datatype-jsr310\2.15.2\jackson-datatype-jsr310-2.15.2.jar;C:\Users\mongta_user\.m2\repository\com\fasterxml\jackson\module\jackson-module-parameter-names\2.15.2\jackson-module-parameter-names-2.15.2.jar;C:\Users\mongta_user\.m2\repository\org\springframework\boot\spring-boot-starter-tomcat\3.1.2-SNAPSHOT\spring-boot-starter-tomcat-3.1.2-SNAPSHOT.jar;C:\Users\mongta_user\.m2\repository\org\apache\tomcat\embed\tomcat-embed-core\10.1.10\tomcat-embed-core-10.1.10.jar;C:\Users\mongta_user\.m2\repository\org\apache\tomcat\embed\tomcat-embed-el\10.1.10\tomcat-embed-el-10.1.10.jar;C:\Users\mongta_user\.m2\repository\org\apache\tomcat\embed\tomcat-embed-websocket\10.1.10\tomcat-embed-websocket-10.1.10.jar;C:\Users\mongta_user\.m2\repository\org\springframework\spring-web\6.0.10\spring-web-6.0.10.jar;C:\Users\mongta_user\.m2\repository\org\springframework\spring-beans\6.0.10\spring-beans-6.0.10.jar;C:\Users\mongta_user\.m2\repository\io\micrometer\micrometer-observation\1.11.1\micrometer-observation-1.11.1.jar;C:\Users\mongta_user\.m2\repository\io\micrometer\micrometer-commons\1.11.1\micrometer-commons-1.11.1.jar;C:\Users\mongta_user\.m2\repository\org\springframework\spring-webmvc\6.0.10\spring-webmvc-6.0.10.jar;C:\Users\mongta_user\.m2\repository\org\springframework\spring-aop\6.0.10\spring-aop-6.0.10.jar;C:\Users\mongta_user\.m2\repository\org\springframework\spring-context\6.0.10\spring-context-6.0.10.jar;C:\Users\mongta_user\.m2\repository\org\springframework\spring-expression\6.0.10\spring-expression-6.0.10.jar;C:\Users\mongta_user\.m2\repository\org\springframework\boot\spring-boot-starter-test\3.1.2-SNAPSHOT\spring-boot-starter-test-3.1.2-SNAPSHOT.jar;C:\Users\mongta_user\.m2\repository\org\springframework\boot\spring-boot-test\3.1.2-SNAPSHOT\spring-boot-test-3.1.2-SNAPSHOT.jar;C:\Users\mongta_user\.m2\repository\org\springframework\boot\spring-boot-test-autoconfigure\3.1.2-SNAPSHOT\spring-boot-test-autoconfigure-3.1.2-SNAPSHOT.jar;C:\Users\mongta_user\.m2\repository\com\jayway\jsonpath\json-path\2.8.0\json-path-2.8.0.jar;C:\Users\mongta_user\.m2\repository\org\slf4j\slf4j-api\2.0.7\slf4j-api-2.0.7.jar;C:\Users\mongta_user\.m2\repository\jakarta\xml\bind\jakarta.xml.bind-api\4.0.0\jakarta.xml.bind-api-4.0.0.jar;C:\Users\mongta_user\.m2\repository\jakarta\activation\jakarta.activation-api\2.1.2\jakarta.activation-api-2.1.2.jar;C:\Users\mongta_user\.m2\repository\net\minidev\json-smart\2.4.11\json-smart-2.4.11.jar;C:\Users\mongta_user\.m2\repository\net\minidev\accessors-smart\2.4.11\accessors-smart-2.4.11.jar;C:\Users\mongta_user\.m2\repository\org\ow2\asm\asm\9.3\asm-9.3.jar;C:\Users\mongta_user\.m2\repository\org\assertj\assertj-core\3.24.2\assertj-core-3.24.2.jar;C:\Users\mongta_user\.m2\repository\net\bytebuddy\byte-buddy\1.14.5\byte-buddy-1.14.5.jar;C:\Users\mongta_user\.m2\repository\org\hamcrest\hamcrest\2.2\hamcrest-2.2.jar;C:\Users\mongta_user\.m2\repository\org\junit\jupiter\junit-jupiter\5.9.3\junit-jupiter-5.9.3.jar;C:\Users\mongta_user\.m2\repository\org\junit\jupiter\junit-jupiter-api\5.9.3\junit-jupiter-api-5.9.3.jar;C:\Users\mongta_user\.m2\repository\org\opentest4j\opentest4j\1.2.0\opentest4j-1.2.0.jar;C:\Users\mongta_user\.m2\repository\org\junit\platform\junit-platform-commons\1.9.3\junit-platform-commons-1.9.3.jar;C:\Users\mongta_user\.m2\repository\org\apiguardian\apiguardian-api\1.1.2\apiguardian-api-1.1.2.jar;C:\Users\mongta_user\.m2\repository\org\junit\jupiter\junit-jupiter-params\5.9.3\junit-jupiter-params-5.9.3.jar;C:\Users\mongta_user\.m2\repository\org\junit\jupiter\junit-jupiter-engine\5.9.3\junit-jupiter-engine-5.9.3.jar;C:\Users\mongta_user\.m2\repository\org\junit\platform\junit-platform-engine\1.9.3\junit-platform-engine-1.9.3.jar;C:\Users\mongta_user\.m2\repository\org\mockito\mockito-core\5.3.1\mockito-core-5.3.1.jar;C:\Users\mongta_user\.m2\repository\net\bytebuddy\byte-buddy-agent\1.14.5\byte-buddy-agent-1.14.5.jar;C:\Users\mongta_user\.m2\repository\org\objenesis\objenesis\3.3\objenesis-3.3.jar;C:\Users\mongta_user\.m2\repository\org\mockito\mockito-junit-jupiter\5.3.1\mockito-junit-jupiter-5.3.1.jar;C:\Users\mongta_user\.m2\repository\org\skyscreamer\jsonassert\1.5.1\jsonassert-1.5.1.jar;C:\Users\mongta_user\.m2\repository\com\vaadin\external\google\android-json\0.0.20131108.vaadin1\android-json-0.0.20131108.vaadin1.jar;C:\Users\mongta_user\.m2\repository\org\springframework\spring-core\6.0.10\spring-core-6.0.10.jar;C:\Users\mongta_user\.m2\repository\org\springframework\spring-jcl\6.0.10\spring-jcl-6.0.10.jar;C:\Users\mongta_user\.m2\repository\org\springframework\spring-test\6.0.10\spring-test-6.0.10.jar;C:\Users\mongta_user\.m2\repository\org\xmlunit\xmlunit-core\2.9.1\xmlunit-core-2.9.1.jar;"/>
    <property name="java.vm.vendor" value="Oracle Corporation"/>
    <property name="sun.arch.data.model" value="64"/>
    <property name="user.variant" value=""/>
    <property name="java.vendor.url" value="https://java.oracle.com/"/>
    <property name="user.timezone" value="Asia/Seoul"/>
    <property name="os.name" value="Windows 11"/>
    <property name="java.vm.specification.version" value="17"/>
    <property name="sun.java.launcher" value="SUN_STANDARD"/>
    <property name="user.country" value="KR"/>
    <property name="sun.boot.library.path" value="C:\Program Files\java\openjdk-17.0.2_windows-x64_bin\jdk-17.0.2\bin"/>
    <property name="sun.java.command" value="C:\Users\mongta_user\AppData\Local\Temp\surefire7291524370453708493\surefirebooter-20230623103553065_3.jar C:\Users\mongta_user\AppData\Local\Temp\surefire7291524370453708493 2023-06-23T10-35-52_811-jvmRun1 surefire-20230623103553065_1tmp surefire_0-20230623103553065_2tmp"/>
    <property name="jdk.debug" value="release"/>
    <property name="surefire.test.class.path" value="D:\workspace\web-example\example\target\test-classes;D:\workspace\web-example\example\target\classes;C:\Users\mongta_user\.m2\repository\org\springframework\boot\spring-boot-starter-web\3.1.2-SNAPSHOT\spring-boot-starter-web-3.1.2-SNAPSHOT.jar;C:\Users\mongta_user\.m2\repository\org\springframework\boot\spring-boot-starter\3.1.2-SNAPSHOT\spring-boot-starter-3.1.2-SNAPSHOT.jar;C:\Users\mongta_user\.m2\repository\org\springframework\boot\spring-boot\3.1.2-SNAPSHOT\spring-boot-3.1.2-SNAPSHOT.jar;C:\Users\mongta_user\.m2\repository\org\springframework\boot\spring-boot-autoconfigure\3.1.2-SNAPSHOT\spring-boot-autoconfigure-3.1.2-SNAPSHOT.jar;C:\Users\mongta_user\.m2\repository\org\springframework\boot\spring-boot-starter-logging\3.1.2-SNAPSHOT\spring-boot-starter-logging-3.1.2-SNAPSHOT.jar;C:\Users\mongta_user\.m2\repository\ch\qos\logback\logback-classic\1.4.8\logback-classic-1.4.8.jar;C:\Users\mongta_user\.m2\repository\ch\qos\logback\logback-core\1.4.8\logback-core-1.4.8.jar;C:\Users\mongta_user\.m2\repository\org\apache\logging\log4j\log4j-to-slf4j\2.20.0\log4j-to-slf4j-2.20.0.jar;C:\Users\mongta_user\.m2\repository\org\apache\logging\log4j\log4j-api\2.20.0\log4j-api-2.20.0.jar;C:\Users\mongta_user\.m2\repository\org\slf4j\jul-to-slf4j\2.0.7\jul-to-slf4j-2.0.7.jar;C:\Users\mongta_user\.m2\repository\jakarta\annotation\jakarta.annotation-api\2.1.1\jakarta.annotation-api-2.1.1.jar;C:\Users\mongta_user\.m2\repository\org\yaml\snakeyaml\1.33\snakeyaml-1.33.jar;C:\Users\mongta_user\.m2\repository\org\springframework\boot\spring-boot-starter-json\3.1.2-SNAPSHOT\spring-boot-starter-json-3.1.2-SNAPSHOT.jar;C:\Users\mongta_user\.m2\repository\com\fasterxml\jackson\core\jackson-databind\2.15.2\jackson-databind-2.15.2.jar;C:\Users\mongta_user\.m2\repository\com\fasterxml\jackson\core\jackson-annotations\2.15.2\jackson-annotations-2.15.2.jar;C:\Users\mongta_user\.m2\repository\com\fasterxml\jackson\core\jackson-core\2.15.2\jackson-core-2.15.2.jar;C:\Users\mongta_user\.m2\repository\com\fasterxml\jackson\datatype\jackson-datatype-jdk8\2.15.2\jackson-datatype-jdk8-2.15.2.jar;C:\Users\mongta_user\.m2\repository\com\fasterxml\jackson\datatype\jackson-datatype-jsr310\2.15.2\jackson-datatype-jsr310-2.15.2.jar;C:\Users\mongta_user\.m2\repository\com\fasterxml\jackson\module\jackson-module-parameter-names\2.15.2\jackson-module-parameter-names-2.15.2.jar;C:\Users\mongta_user\.m2\repository\org\springframework\boot\spring-boot-starter-tomcat\3.1.2-SNAPSHOT\spring-boot-starter-tomcat-3.1.2-SNAPSHOT.jar;C:\Users\mongta_user\.m2\repository\org\apache\tomcat\embed\tomcat-embed-core\10.1.10\tomcat-embed-core-10.1.10.jar;C:\Users\mongta_user\.m2\repository\org\apache\tomcat\embed\tomcat-embed-el\10.1.10\tomcat-embed-el-10.1.10.jar;C:\Users\mongta_user\.m2\repository\org\apache\tomcat\embed\tomcat-embed-websocket\10.1.10\tomcat-embed-websocket-10.1.10.jar;C:\Users\mongta_user\.m2\repository\org\springframework\spring-web\6.0.10\spring-web-6.0.10.jar;C:\Users\mongta_user\.m2\repository\org\springframework\spring-beans\6.0.10\spring-beans-6.0.10.jar;C:\Users\mongta_user\.m2\repository\io\micrometer\micrometer-observation\1.11.1\micrometer-observation-1.11.1.jar;C:\Users\mongta_user\.m2\repository\io\micrometer\micrometer-commons\1.11.1\micrometer-commons-1.11.1.jar;C:\Users\mongta_user\.m2\repository\org\springframework\spring-webmvc\6.0.10\spring-webmvc-6.0.10.jar;C:\Users\mongta_user\.m2\repository\org\springframework\spring-aop\6.0.10\spring-aop-6.0.10.jar;C:\Users\mongta_user\.m2\repository\org\springframework\spring-context\6.0.10\spring-context-6.0.10.jar;C:\Users\mongta_user\.m2\repository\org\springframework\spring-expression\6.0.10\spring-expression-6.0.10.jar;C:\Users\mongta_user\.m2\repository\org\springframework\boot\spring-boot-starter-test\3.1.2-SNAPSHOT\spring-boot-starter-test-3.1.2-SNAPSHOT.jar;C:\Users\mongta_user\.m2\repository\org\springframework\boot\spring-boot-test\3.1.2-SNAPSHOT\spring-boot-test-3.1.2-SNAPSHOT.jar;C:\Users\mongta_user\.m2\repository\org\springframework\boot\spring-boot-test-autoconfigure\3.1.2-SNAPSHOT\spring-boot-test-autoconfigure-3.1.2-SNAPSHOT.jar;C:\Users\mongta_user\.m2\repository\com\jayway\jsonpath\json-path\2.8.0\json-path-2.8.0.jar;C:\Users\mongta_user\.m2\repository\org\slf4j\slf4j-api\2.0.7\slf4j-api-2.0.7.jar;C:\Users\mongta_user\.m2\repository\jakarta\xml\bind\jakarta.xml.bind-api\4.0.0\jakarta.xml.bind-api-4.0.0.jar;C:\Users\mongta_user\.m2\repository\jakarta\activation\jakarta.activation-api\2.1.2\jakarta.activation-api-2.1.2.jar;C:\Users\mongta_user\.m2\repository\net\minidev\json-smart\2.4.11\json-smart-2.4.11.jar;C:\Users\mongta_user\.m2\repository\net\minidev\accessors-smart\2.4.11\accessors-smart-2.4.11.jar;C:\Users\mongta_user\.m2\repository\org\ow2\asm\asm\9.3\asm-9.3.jar;C:\Users\mongta_user\.m2\repository\org\assertj\assertj-core\3.24.2\assertj-core-3.24.2.jar;C:\Users\mongta_user\.m2\repository\net\bytebuddy\byte-buddy\1.14.5\byte-buddy-1.14.5.jar;C:\Users\mongta_user\.m2\repository\org\hamcrest\hamcrest\2.2\hamcrest-2.2.jar;C:\Users\mongta_user\.m2\repository\org\junit\jupiter\junit-jupiter\5.9.3\junit-jupiter-5.9.3.jar;C:\Users\mongta_user\.m2\repository\org\junit\jupiter\junit-jupiter-api\5.9.3\junit-jupiter-api-5.9.3.jar;C:\Users\mongta_user\.m2\repository\org\opentest4j\opentest4j\1.2.0\opentest4j-1.2.0.jar;C:\Users\mongta_user\.m2\repository\org\junit\platform\junit-platform-commons\1.9.3\junit-platform-commons-1.9.3.jar;C:\Users\mongta_user\.m2\repository\org\apiguardian\apiguardian-api\1.1.2\apiguardian-api-1.1.2.jar;C:\Users\mongta_user\.m2\repository\org\junit\jupiter\junit-jupiter-params\5.9.3\junit-jupiter-params-5.9.3.jar;C:\Users\mongta_user\.m2\repository\org\junit\jupiter\junit-jupiter-engine\5.9.3\junit-jupiter-engine-5.9.3.jar;C:\Users\mongta_user\.m2\repository\org\junit\platform\junit-platform-engine\1.9.3\junit-platform-engine-1.9.3.jar;C:\Users\mongta_user\.m2\repository\org\mockito\mockito-core\5.3.1\mockito-core-5.3.1.jar;C:\Users\mongta_user\.m2\repository\net\bytebuddy\byte-buddy-agent\1.14.5\byte-buddy-agent-1.14.5.jar;C:\Users\mongta_user\.m2\repository\org\objenesis\objenesis\3.3\objenesis-3.3.jar;C:\Users\mongta_user\.m2\repository\org\mockito\mockito-junit-jupiter\5.3.1\mockito-junit-jupiter-5.3.1.jar;C:\Users\mongta_user\.m2\repository\org\skyscreamer\jsonassert\1.5.1\jsonassert-1.5.1.jar;C:\Users\mongta_user\.m2\repository\com\vaadin\external\google\android-json\0.0.20131108.vaadin1\android-json-0.0.20131108.vaadin1.jar;C:\Users\mongta_user\.m2\repository\org\springframework\spring-core\6.0.10\spring-core-6.0.10.jar;C:\Users\mongta_user\.m2\repository\org\springframework\spring-jcl\6.0.10\spring-jcl-6.0.10.jar;C:\Users\mongta_user\.m2\repository\org\springframework\spring-test\6.0.10\spring-test-6.0.10.jar;C:\Users\mongta_user\.m2\repository\org\xmlunit\xmlunit-core\2.9.1\xmlunit-core-2.9.1.jar;"/>
    <property name="sun.cpu.endian" value="little"/>
    <property name="user.home" value="C:\Users\mongta_user"/>
    <property name="user.language" value="ko"/>
    <property name="java.specification.vendor" value="Oracle Corporation"/>
    <property name="java.version.date" value="2022-01-18"/>
    <property name="java.home" value="C:\Program Files\java\openjdk-17.0.2_windows-x64_bin\jdk-17.0.2"/>
    <property name="file.separator" value="\"/>
    <property name="basedir" value="D:\workspace\web-example\example"/>
    <property name="java.vm.compressedOopsMode" value="Zero based"/>
    <property name="line.separator" value="&#10;"/>
    <property name="java.vm.specification.vendor" value="Oracle Corporation"/>
    <property name="java.specification.name" value="Java Platform API Specification"/>
    <property name="FILE_LOG_CHARSET" value="x-windows-949"/>
    <property name="java.awt.headless" value="true"/>
    <property name="surefire.real.class.path" value="C:\Users\mongta_user\AppData\Local\Temp\surefire7291524370453708493\surefirebooter-20230623103553065_3.jar"/>
    <property name="user.script" value=""/>
    <property name="sun.management.compiler" value="HotSpot 64-Bit Tiered Compilers"/>
    <property name="java.runtime.version" value="17.0.2+8-86"/>
    <property name="user.name" value="mongta_user"/>
    <property name="path.separator" value=";"/>
    <property name="os.version" value="10.0"/>
    <property name="java.runtime.name" value="OpenJDK Runtime Environment"/>
    <property name="file.encoding" value="MS949"/>
    <property name="java.vm.name" value="OpenJDK 64-Bit Server VM"/>
    <property name="localRepository" value="C:\Users\mongta_user\.m2\repository"/>
    <property name="java.vendor.url.bug" value="https://bugreport.java.com/bugreport/"/>
    <property name="java.io.tmpdir" value="C:\Users\MONGTA~1\AppData\Local\Temp\"/>
    <property name="idea.version" value="2023.1.2"/>
    <property name="java.version" value="17.0.2"/>
    <property name="user.dir" value="D:\workspace\web-example\example"/>
    <property name="os.arch" value="amd64"/>
    <property name="java.vm.specification.name" value="Java Virtual Machine Specification"/>
    <property name="PID" value="11836"/>
    <property name="sun.os.patch.level" value=""/>
    <property name="CONSOLE_LOG_CHARSET" value="x-windows-949"/>
    <property name="native.encoding" value="MS949"/>
    <property name="java.library.path" value="C:\Program Files\java\openjdk-17.0.2_windows-x64_bin\jdk-17.0.2\bin;C:\Windows\Sun\Java\bin;C:\Windows\system32;C:\Windows;C:\Windows\system32;C:\Windows;C:\Windows\System32\Wbem;C:\Windows\System32\WindowsPowerShell\v1.0\;C:\Windows\System32\OpenSSH\;C:\Program Files\PuTTY\;C:\Program Files\java\openjdk-17.0.2_windows-x64_bin\jdk-17.0.2\bin;C:\Program Files\java\openjdk-17.0.2_windows-x64_bin\jdk-17.0.2\bin;C:\Program Files\Git\cmd;C:\Users\mongta_user\AppData\Local\Microsoft\WindowsApps;;C:\Users\mongta_user\AppData\Local\Programs\Microsoft VS Code\bin;C:\Program Files\JetBrains\IntelliJ IDEA Community Edition 2023.1.2\bin;;."/>
    <property name="java.vm.info" value="mixed mode, sharing"/>
    <property name="java.vendor" value="Oracle Corporation"/>
    <property name="java.vm.version" value="17.0.2+8-86"/>
    <property name="sun.io.unicode.encoding" value="UnicodeLittle"/>
    <property name="java.class.version" value="61.0"/>
  </properties>
  <testcase name="contextLoads" classname="com.springweb.example.ExampleApplicationTests" time="1.302">
    <system-out><![CDATA[10:35:54.311 [main] INFO org.springframework.test.context.support.AnnotationConfigContextLoaderUtils -- Could not detect default configuration classes for test class [com.springweb.example.ExampleApplicationTests]: ExampleApplicationTests does not declare any static, non-private, non-final, nested classes annotated with @Configuration.
10:35:54.447 [main] INFO org.springframework.boot.test.context.SpringBootTestContextBootstrapper -- Found @SpringBootConfiguration com.springweb.example.ExampleApplication for test class com.springweb.example.ExampleApplicationTests

  .   ____          _            __ _ _
 /\\ / ___'_ __ _ _(_)_ __  __ _ \ \ \ \
( ( )\___ | '_ | '_| | '_ \/ _` | \ \ \ \
 \\/  ___)| |_)| | | | | || (_| |  ) ) ) )
  '  |____| .__|_| |_|_| |_\__, | / / / /
 =========|_|==============|___/=/_/_/_/
 :: Spring Boot ::       (v3.1.2-SNAPSHOT)

2023-06-23T10:35:55.052+09:00  INFO 11836 --- [           main] c.s.example.ExampleApplicationTests      : Starting ExampleApplicationTests using Java 17.0.2 with PID 11836 (started by mongta_user in D:\workspace\web-example\example)
2023-06-23T10:35:55.055+09:00  INFO 11836 --- [           main] c.s.example.ExampleApplicationTests      : No active profile set, falling back to 1 default profile: "default"
2023-06-23T10:35:56.551+09:00  INFO 11836 --- [           main] o.s.b.a.w.s.WelcomePageHandlerMapping    : Adding welcome page: class path resource [static/index.html]
2023-06-23T10:35:56.742+09:00  INFO 11836 --- [           main] c.s.example.ExampleApplicationTests      : Started ExampleApplicationTests in 2.089 seconds (process running for 3.494)
]]></system-out>
  </testcase>
</testsuite>